<?xml version="1.0" encoding="UTF-8"?>
<coverage generated="1595542749083" clover="3.2.0">
  <project timestamp="1595542749083" name="All files">
    <metrics statements="39" coveredstatements="21" conditionals="8" coveredconditionals="6" methods="19" coveredmethods="7" elements="66" coveredelements="34" complexity="0" loc="39" ncloc="39" packages="6" files="7" classes="7"/>
    <package name="CopWatch-FE">
      <metrics statements="14" coveredstatements="4" conditionals="0" coveredconditionals="0" methods="6" coveredmethods="0"/>
      <file name="apiCalls.js" path="/Users/davepernitz/turing/mod4/projects/CopWatch/CopWatch-FE/apiCalls.js">
        <metrics statements="12" coveredstatements="2" conditionals="0" coveredconditionals="0" methods="6" coveredmethods="0"/>
        <line num="3" count="1" type="stmt"/>
        <line num="4" count="0" type="stmt"/>
        <line num="5" count="0" type="stmt"/>
        <line num="8" count="0" type="stmt"/>
        <line num="10" count="0" type="stmt"/>
        <line num="11" count="0" type="stmt"/>
        <line num="12" count="0" type="stmt"/>
        <line num="33" count="1" type="stmt"/>
        <line num="34" count="0" type="stmt"/>
        <line num="35" count="0" type="stmt"/>
        <line num="53" count="0" type="stmt"/>
        <line num="54" count="0" type="stmt"/>
      </file>
      <file name="testData.js" path="/Users/davepernitz/turing/mod4/projects/CopWatch/CopWatch-FE/testData.js">
        <metrics statements="2" coveredstatements="2" conditionals="0" coveredconditionals="0" methods="0" coveredmethods="0"/>
        <line num="1" count="2" type="stmt"/>
        <line num="58" count="2" type="stmt"/>
      </file>
    </package>
    <package name="CopWatch-FE.Components.Footer">
      <metrics statements="8" coveredstatements="1" conditionals="0" coveredconditionals="0" methods="5" coveredmethods="0"/>
      <file name="Footer.js" path="/Users/davepernitz/turing/mod4/projects/CopWatch/CopWatch-FE/Components/Footer/Footer.js">
        <metrics statements="8" coveredstatements="1" conditionals="0" coveredconditionals="0" methods="5" coveredmethods="0"/>
        <line num="9" count="0" type="stmt"/>
        <line num="10" count="0" type="stmt"/>
        <line num="12" count="0" type="stmt"/>
        <line num="13" count="0" type="stmt"/>
        <line num="16" count="0" type="stmt"/>
        <line num="24" count="0" type="stmt"/>
        <line num="32" count="0" type="stmt"/>
        <line num="40" count="1" type="stmt"/>
      </file>
    </package>
    <package name="CopWatch-FE.Components.Header">
      <metrics statements="2" coveredstatements="2" conditionals="0" coveredconditionals="0" methods="1" coveredmethods="1"/>
      <file name="Header.js" path="/Users/davepernitz/turing/mod4/projects/CopWatch/CopWatch-FE/Components/Header/Header.js">
        <metrics statements="2" coveredstatements="2" conditionals="0" coveredconditionals="0" methods="1" coveredmethods="1"/>
        <line num="6" count="1" type="stmt"/>
        <line num="17" count="1" type="stmt"/>
      </file>
    </package>
    <package name="CopWatch-FE.Components.Incidents.IncidentCard">
      <metrics statements="2" coveredstatements="2" conditionals="0" coveredconditionals="0" methods="1" coveredmethods="1"/>
      <file name="IncidentCard.js" path="/Users/davepernitz/turing/mod4/projects/CopWatch/CopWatch-FE/Components/Incidents/IncidentCard/IncidentCard.js">
        <metrics statements="2" coveredstatements="2" conditionals="0" coveredconditionals="0" methods="1" coveredmethods="1"/>
        <line num="8" count="6" type="stmt"/>
        <line num="23" count="2" type="stmt"/>
      </file>
    </package>
    <package name="CopWatch-FE.Components.Incidents.IncidentDetails">
      <metrics statements="1" coveredstatements="0" conditionals="0" coveredconditionals="0" methods="1" coveredmethods="0"/>
      <file name="IncidentDetails.js" path="/Users/davepernitz/turing/mod4/projects/CopWatch/CopWatch-FE/Components/Incidents/IncidentDetails/IncidentDetails.js">
        <metrics statements="1" coveredstatements="0" conditionals="0" coveredconditionals="0" methods="1" coveredmethods="0"/>
        <line num="6" count="0" type="stmt"/>
      </file>
    </package>
    <package name="CopWatch-FE.Components.Incidents.IncidentsContainer">
      <metrics statements="12" coveredstatements="12" conditionals="8" coveredconditionals="6" methods="5" coveredmethods="5"/>
      <file name="IncidentsContainer.js" path="/Users/davepernitz/turing/mod4/projects/CopWatch/CopWatch-FE/Components/Incidents/IncidentsContainer/IncidentsContainer.js">
        <metrics statements="12" coveredstatements="12" conditionals="8" coveredconditionals="6" methods="5" coveredmethods="5"/>
        <line num="7" count="2" type="stmt"/>
        <line num="11" count="2" type="stmt"/>
        <line num="13" count="1" type="stmt"/>
        <line num="16" count="1" type="stmt"/>
        <line num="17" count="1" type="cond" truecount="3" falsecount="1"/>
        <line num="18" count="1" type="stmt"/>
        <line num="21" count="1" type="stmt"/>
        <line num="26" count="2" type="stmt"/>
        <line num="27" count="2" type="stmt"/>
        <line num="28" count="2" type="cond" truecount="3" falsecount="1"/>
        <line num="29" count="5" type="stmt"/>
        <line num="34" count="2" type="stmt"/>
      </file>
    </package>
  </project>
</coverage>
