{"/Users/davepernitz/turing/mod4/projects/CopWatch/CopWatch-FE/apiCalls.js": {"path":"/Users/davepernitz/turing/mod4/projects/CopWatch/CopWatch-FE/apiCalls.js","statementMap":{"0":{"start":{"line":3,"column":30},"end":{"line":13,"column":1}},"1":{"start":{"line":4,"column":16},"end":{"line":4,"column":54}},"2":{"start":{"line":5,"column":17},"end":{"line":10,"column":41}},"3":{"start":{"line":8,"column":22},"end":{"line":8,"column":32}},"4":{"start":{"line":10,"column":22},"end":{"line":10,"column":40}},"5":{"start":{"line":11,"column":4},"end":{"line":11,"column":21}},"6":{"start":{"line":12,"column":4},"end":{"line":12,"column":15}},"7":{"start":{"line":33,"column":28},"end":{"line":55,"column":1}},"8":{"start":{"line":34,"column":16},"end":{"line":34,"column":58}},"9":{"start":{"line":35,"column":4},"end":{"line":54,"column":41}},"10":{"start":{"line":53,"column":26},"end":{"line":53,"column":41}},"11":{"start":{"line":54,"column":22},"end":{"line":54,"column":40}}},"fnMap":{"0":{"name":"(anonymous_0)","decl":{"start":{"line":3,"column":30},"end":{"line":3,"column":31}},"loc":{"start":{"line":3,"column":42},"end":{"line":13,"column":1}},"line":3},"1":{"name":"(anonymous_1)","decl":{"start":{"line":8,"column":14},"end":{"line":8,"column":15}},"loc":{"start":{"line":8,"column":22},"end":{"line":8,"column":32}},"line":8},"2":{"name":"(anonymous_2)","decl":{"start":{"line":10,"column":15},"end":{"line":10,"column":16}},"loc":{"start":{"line":10,"column":22},"end":{"line":10,"column":40}},"line":10},"3":{"name":"(anonymous_3)","decl":{"start":{"line":33,"column":28},"end":{"line":33,"column":29}},"loc":{"start":{"line":33,"column":46},"end":{"line":55,"column":1}},"line":33},"4":{"name":"(anonymous_4)","decl":{"start":{"line":53,"column":14},"end":{"line":53,"column":15}},"loc":{"start":{"line":53,"column":26},"end":{"line":53,"column":41}},"line":53},"5":{"name":"(anonymous_5)","decl":{"start":{"line":54,"column":15},"end":{"line":54,"column":16}},"loc":{"start":{"line":54,"column":22},"end":{"line":54,"column":40}},"line":54}},"branchMap":{},"s":{"0":1,"1":0,"2":0,"3":0,"4":0,"5":0,"6":0,"7":1,"8":0,"9":0,"10":0,"11":0},"f":{"0":0,"1":0,"2":0,"3":0,"4":0,"5":0},"b":{},"_coverageSchema":"1a1c01bbd47fc00a2c39e90264f33305004495a9","hash":"fb23378a1a34f1e18b43da898b98780fd99ab493"}
,"/Users/davepernitz/turing/mod4/projects/CopWatch/CopWatch-FE/testData.js": {"path":"/Users/davepernitz/turing/mod4/projects/CopWatch/CopWatch-FE/testData.js","statementMap":{"0":{"start":{"line":1,"column":24},"end":{"line":56,"column":1}},"1":{"start":{"line":58,"column":22},"end":{"line":58,"column":205}}},"fnMap":{},"branchMap":{},"s":{"0":2,"1":2},"f":{},"b":{},"_coverageSchema":"1a1c01bbd47fc00a2c39e90264f33305004495a9","hash":"8b07bb40fd45fa13be219e29330b09edab572141"}
,"/Users/davepernitz/turing/mod4/projects/CopWatch/CopWatch-FE/Components/Footer/Footer.js": {"path":"/Users/davepernitz/turing/mod4/projects/CopWatch/CopWatch-FE/Components/Footer/Footer.js","statementMap":{"0":{"start":{"line":9,"column":32},"end":{"line":11,"column":5}},"1":{"start":{"line":10,"column":8},"end":{"line":10,"column":50}},"2":{"start":{"line":12,"column":27},"end":{"line":14,"column":5}},"3":{"start":{"line":13,"column":8},"end":{"line":13,"column":35}},"4":{"start":{"line":16,"column":4},"end":{"line":37,"column":5}},"5":{"start":{"line":24,"column":35},"end":{"line":24,"column":51}},"6":{"start":{"line":32,"column":35},"end":{"line":32,"column":56}},"7":{"start":{"line":40,"column":15},"end":{"line":59,"column":2}}},"fnMap":{"0":{"name":"Footer","decl":{"start":{"line":8,"column":24},"end":{"line":8,"column":30}},"loc":{"start":{"line":8,"column":47},"end":{"line":38,"column":1}},"line":8},"1":{"name":"(anonymous_1)","decl":{"start":{"line":9,"column":32},"end":{"line":9,"column":33}},"loc":{"start":{"line":9,"column":38},"end":{"line":11,"column":5}},"line":9},"2":{"name":"(anonymous_2)","decl":{"start":{"line":12,"column":27},"end":{"line":12,"column":28}},"loc":{"start":{"line":12,"column":33},"end":{"line":14,"column":5}},"line":12},"3":{"name":"(anonymous_3)","decl":{"start":{"line":24,"column":29},"end":{"line":24,"column":30}},"loc":{"start":{"line":24,"column":35},"end":{"line":24,"column":51}},"line":24},"4":{"name":"(anonymous_4)","decl":{"start":{"line":32,"column":29},"end":{"line":32,"column":30}},"loc":{"start":{"line":32,"column":35},"end":{"line":32,"column":56}},"line":32}},"branchMap":{},"s":{"0":0,"1":0,"2":0,"3":0,"4":0,"5":0,"6":0,"7":1},"f":{"0":0,"1":0,"2":0,"3":0,"4":0},"b":{},"_coverageSchema":"1a1c01bbd47fc00a2c39e90264f33305004495a9","hash":"759a4a04b312c7e4ab05fc279232f2fa1056cca2"}
,"/Users/davepernitz/turing/mod4/projects/CopWatch/CopWatch-FE/Components/Header/Header.js": {"path":"/Users/davepernitz/turing/mod4/projects/CopWatch/CopWatch-FE/Components/Header/Header.js","statementMap":{"0":{"start":{"line":6,"column":4},"end":{"line":13,"column":5}},"1":{"start":{"line":17,"column":15},"end":{"line":31,"column":2}}},"fnMap":{"0":{"name":"Header","decl":{"start":{"line":4,"column":24},"end":{"line":4,"column":30}},"loc":{"start":{"line":4,"column":33},"end":{"line":15,"column":1}},"line":4}},"branchMap":{},"s":{"0":1,"1":1},"f":{"0":1},"b":{},"_coverageSchema":"1a1c01bbd47fc00a2c39e90264f33305004495a9","hash":"d11b9f74ea229bb83edc73b6034fedbb7896c564"}
,"/Users/davepernitz/turing/mod4/projects/CopWatch/CopWatch-FE/Components/Incidents/IncidentCard/IncidentCard.js": {"path":"/Users/davepernitz/turing/mod4/projects/CopWatch/CopWatch-FE/Components/Incidents/IncidentCard/IncidentCard.js","statementMap":{"0":{"start":{"line":8,"column":4},"end":{"line":20,"column":5}},"1":{"start":{"line":23,"column":15},"end":{"line":32,"column":2}}},"fnMap":{"0":{"name":"IncidentCard","decl":{"start":{"line":6,"column":24},"end":{"line":6,"column":36}},"loc":{"start":{"line":6,"column":51},"end":{"line":21,"column":1}},"line":6}},"branchMap":{},"s":{"0":6,"1":2},"f":{"0":6},"b":{},"_coverageSchema":"1a1c01bbd47fc00a2c39e90264f33305004495a9","hash":"d9fd02309cc655720aa8ed11fda79d048dc7536a"}
,"/Users/davepernitz/turing/mod4/projects/CopWatch/CopWatch-FE/Components/Incidents/IncidentDetails/IncidentDetails.js": {"path":"/Users/davepernitz/turing/mod4/projects/CopWatch/CopWatch-FE/Components/Incidents/IncidentDetails/IncidentDetails.js","statementMap":{"0":{"start":{"line":6,"column":4},"end":{"line":10,"column":5}}},"fnMap":{"0":{"name":"IncidentDetails","decl":{"start":{"line":4,"column":24},"end":{"line":4,"column":39}},"loc":{"start":{"line":4,"column":42},"end":{"line":12,"column":1}},"line":4}},"branchMap":{},"s":{"0":0},"f":{"0":0},"b":{},"_coverageSchema":"1a1c01bbd47fc00a2c39e90264f33305004495a9","hash":"98ade4b1c93c029f2a248c108402982c57a1aa48"}
,"/Users/davepernitz/turing/mod4/projects/CopWatch/CopWatch-FE/Components/Incidents/IncidentsContainer/IncidentsContainer.js": {"path":"/Users/davepernitz/turing/mod4/projects/CopWatch/CopWatch-FE/Components/Incidents/IncidentsContainer/IncidentsContainer.js","statementMap":{"0":{"start":{"line":7,"column":43},"end":{"line":7,"column":55}},"1":{"start":{"line":11,"column":2},"end":{"line":23,"column":8}},"2":{"start":{"line":13,"column":30},"end":{"line":13,"column":52}},"3":{"start":{"line":16,"column":8},"end":{"line":16,"column":42}},"4":{"start":{"line":17,"column":8},"end":{"line":19,"column":9}},"5":{"start":{"line":18,"column":12},"end":{"line":18,"column":42}},"6":{"start":{"line":21,"column":4},"end":{"line":21,"column":18}},"7":{"start":{"line":26,"column":29},"end":{"line":32,"column":5}},"8":{"start":{"line":27,"column":8},"end":{"line":27,"column":43}},"9":{"start":{"line":28,"column":8},"end":{"line":31,"column":9}},"10":{"start":{"line":29,"column":12},"end":{"line":29,"column":99}},"11":{"start":{"line":29,"column":45},"end":{"line":29,"column":98}},"12":{"start":{"line":34,"column":4},"end":{"line":38,"column":5}}},"fnMap":{"0":{"name":"IncidentsContainer","decl":{"start":{"line":6,"column":24},"end":{"line":6,"column":42}},"loc":{"start":{"line":6,"column":45},"end":{"line":39,"column":1}},"line":6},"1":{"name":"(anonymous_1)","decl":{"start":{"line":11,"column":12},"end":{"line":11,"column":13}},"loc":{"start":{"line":11,"column":18},"end":{"line":23,"column":3}},"line":11},"2":{"name":"getIncidents","decl":{"start":{"line":12,"column":19},"end":{"line":12,"column":31}},"loc":{"start":{"line":12,"column":34},"end":{"line":20,"column":5}},"line":12},"3":{"name":"(anonymous_3)","decl":{"start":{"line":26,"column":29},"end":{"line":26,"column":30}},"loc":{"start":{"line":26,"column":35},"end":{"line":32,"column":5}},"line":26},"4":{"name":"(anonymous_4)","decl":{"start":{"line":29,"column":33},"end":{"line":29,"column":34}},"loc":{"start":{"line":29,"column":45},"end":{"line":29,"column":98}},"line":29}},"branchMap":{"0":{"loc":{"start":{"line":17,"column":8},"end":{"line":19,"column":9}},"type":"if","locations":[{"start":{"line":17,"column":8},"end":{"line":19,"column":9}},{"start":{"line":17,"column":8},"end":{"line":19,"column":9}}],"line":17},"1":{"loc":{"start":{"line":17,"column":12},"end":{"line":17,"column":66}},"type":"binary-expr","locations":[{"start":{"line":17,"column":12},"end":{"line":17,"column":39}},{"start":{"line":17,"column":43},"end":{"line":17,"column":66}}],"line":17},"2":{"loc":{"start":{"line":28,"column":8},"end":{"line":31,"column":9}},"type":"if","locations":[{"start":{"line":28,"column":8},"end":{"line":31,"column":9}},{"start":{"line":28,"column":8},"end":{"line":31,"column":9}}],"line":28},"3":{"loc":{"start":{"line":28,"column":12},"end":{"line":28,"column":48}},"type":"binary-expr","locations":[{"start":{"line":28,"column":12},"end":{"line":28,"column":35}},{"start":{"line":28,"column":39},"end":{"line":28,"column":48}}],"line":28}},"s":{"0":2,"1":2,"2":1,"3":1,"4":1,"5":1,"6":1,"7":2,"8":2,"9":2,"10":2,"11":5,"12":2},"f":{"0":2,"1":1,"2":1,"3":2,"4":5},"b":{"0":[1,0],"1":[1,1],"2":[2,0],"3":[2,2]},"_coverageSchema":"1a1c01bbd47fc00a2c39e90264f33305004495a9","hash":"cb5a75f1ee6cf5e69785e7cd2248fe5a4a5f9c69"}
}
