TN:
SF:apiCalls.js
FN:3,(anonymous_0)
FN:8,(anonymous_1)
FN:10,(anonymous_2)
FN:33,(anonymous_3)
FN:53,(anonymous_4)
FN:54,(anonymous_5)
FNF:6
FNH:0
FNDA:0,(anonymous_0)
FNDA:0,(anonymous_1)
FNDA:0,(anonymous_2)
FNDA:0,(anonymous_3)
FNDA:0,(anonymous_4)
FNDA:0,(anonymous_5)
DA:3,1
DA:4,0
DA:5,0
DA:8,0
DA:10,0
DA:11,0
DA:12,0
DA:33,1
DA:34,0
DA:35,0
DA:53,0
DA:54,0
LF:12
LH:2
BRF:0
BRH:0
end_of_record
TN:
SF:testData.js
FNF:0
FNH:0
DA:1,2
DA:58,2
LF:2
LH:2
BRF:0
BRH:0
end_of_record
TN:
SF:Components/Footer/Footer.js
FN:8,Footer
FN:9,(anonymous_1)
FN:12,(anonymous_2)
FN:24,(anonymous_3)
FN:32,(anonymous_4)
FNF:5
FNH:0
FNDA:0,Footer
FNDA:0,(anonymous_1)
FNDA:0,(anonymous_2)
FNDA:0,(anonymous_3)
FNDA:0,(anonymous_4)
DA:9,0
DA:10,0
DA:12,0
DA:13,0
DA:16,0
DA:24,0
DA:32,0
DA:40,1
LF:8
LH:1
BRF:0
BRH:0
end_of_record
TN:
SF:Components/Header/Header.js
FN:4,Header
FNF:1
FNH:1
FNDA:1,Header
DA:6,1
DA:17,1
LF:2
LH:2
BRF:0
BRH:0
end_of_record
TN:
SF:Components/Incidents/IncidentCard/IncidentCard.js
FN:6,IncidentCard
FNF:1
FNH:1
FNDA:6,IncidentCard
DA:8,6
DA:23,2
LF:2
LH:2
BRF:0
BRH:0
end_of_record
TN:
SF:Components/Incidents/IncidentDetails/IncidentDetails.js
FN:4,IncidentDetails
FNF:1
FNH:0
FNDA:0,IncidentDetails
DA:6,0
LF:1
LH:0
BRF:0
BRH:0
end_of_record
TN:
SF:Components/Incidents/IncidentsContainer/IncidentsContainer.js
FN:6,IncidentsContainer
FN:11,(anonymous_1)
FN:12,getIncidents
FN:26,(anonymous_3)
FN:29,(anonymous_4)
FNF:5
FNH:5
FNDA:2,IncidentsContainer
FNDA:1,(anonymous_1)
FNDA:1,getIncidents
FNDA:2,(anonymous_3)
FNDA:5,(anonymous_4)
DA:7,2
DA:11,2
DA:13,1
DA:16,1
DA:17,1
DA:18,1
DA:21,1
DA:26,2
DA:27,2
DA:28,2
DA:29,5
DA:34,2
LF:12
LH:12
BRDA:17,0,0,1
BRDA:17,0,1,0
BRDA:17,1,0,1
BRDA:17,1,1,1
BRDA:28,2,0,2
BRDA:28,2,1,0
BRDA:28,3,0,2
BRDA:28,3,1,2
BRF:8
BRH:6
end_of_record
